TN:
SF:src/App.tsx
FN:5,App
FN:10,(anonymous_11)
FNF:2
FNH:2
FNDA:4,App
FNDA:1,(anonymous_11)
DA:1,1
DA:3,1
DA:6,4
DA:8,4
DA:10,1
DA:16,1
LF:6
LH:6
BRDA:11,0,0,4
BRDA:11,0,1,1
BRF:2
BRH:2
end_of_record
TN:
SF:src/components/ComponentRenderer/ComponentRegistry.ts
FNF:0
FNH:0
DA:1,3
DA:3,3
LF:2
LH:2
BRF:0
BRH:0
end_of_record
TN:
SF:src/components/ComponentRenderer/index.tsx
FN:12,ComponentRenderer
FNF:1
FNH:1
FNDA:5,ComponentRenderer
DA:1,2
DA:3,2
DA:12,2
DA:13,5
DA:15,5
LF:5
LH:5
BRF:0
BRH:0
end_of_record
TN:
SF:src/components/ComponentRenderer/components/ComponentRegistryButton/index.tsx
FN:10,ComponentRegistryButton
FNF:1
FNH:1
FNDA:7,ComponentRegistryButton
DA:1,4
DA:3,4
DA:10,4
DA:11,7
LF:4
LH:4
BRF:0
BRH:0
end_of_record
