TN:
SF:src/App.tsx
FN:4,App
FN:9,(anonymous_10)
FNF:2
FNH:2
FNDA:4,App
FNDA:1,(anonymous_10)
DA:1,1
DA:2,1
DA:5,4
DA:7,4
DA:9,1
DA:18,1
LF:6
LH:6
BRDA:13,0,0,4
BRDA:13,0,1,1
BRF:2
BRH:2
end_of_record
TN:
SF:src/components/ui/button.tsx
FN:38,Button
FNF:1
FNH:1
FNDA:4,Button
DA:1,1
DA:2,1
DA:3,1
DA:5,1
DA:7,1
DA:42,4
DA:43,4
DA:48,4
DA:50,4
DA:59,1
LF:10
LH:10
BRDA:42,0,0,4
BRDA:48,1,0,0
BRDA:48,1,1,4
BRF:3
BRH:2
end_of_record
TN:
SF:src/lib/utils.ts
FN:4,cn
FNF:1
FNH:1
FNDA:4,cn
DA:1,1
DA:2,1
DA:4,1
DA:5,4
LF:4
LH:4
BRF:0
BRH:0
end_of_record
